Using pre-set license
Built from '2020.3/staging' branch; Version is '2020.3.9f1 (108be757e447) revision 1084391'; Using compiler version '192528614'; Build Type 'Release'
OS: 'Windows 10 Pro; OS build 19044.2486; Version 2009; 64bit' Language: 'ko' Physical Memory: 15789 MB
BatchMode: 1, IsHumanControllingUs: 0, StartBugReporterOnCrash: 0, Is64bit: 1, IsPro: 0

 COMMAND LINE ARGUMENTS:
C:\Program Files\Unity\Hub\Editor\2020.3.9f1\Editor\Unity.exe
-adb2
-batchMode
-noUpm
-name
AssetImportWorker0
-projectPath
C:/Users/justb/OneDrive/문서/GitHub/CG-Study_Unity/Shader Study
-logFile
Logs/AssetImportWorker0.log
-srvPort
1936
Successfully changed project path to: C:/Users/justb/OneDrive/문서/GitHub/CG-Study_Unity/Shader Study
C:/Users/justb/OneDrive/문서/GitHub/CG-Study_Unity/Shader Study
Using Asset Import Pipeline V2.
Refreshing native plugins compatible for Editor in 22.56 ms, found 0 plugins.
Preloading 0 native plugins for Editor in 0.00 ms.
Initialize engine version: 2020.3.9f1 (108be757e447)
[Subsystems] Discovering subsystems at path C:/Program Files/Unity/Hub/Editor/2020.3.9f1/Editor/Data/Resources/UnitySubsystems
[Subsystems] Discovering subsystems at path C:/Users/justb/OneDrive/문서/GitHub/CG-Study_Unity/Shader Study/Assets
GfxDevice: creating device client; threaded=0
Direct3D:
    Version:  Direct3D 11.0 [level 11.1]
    Renderer: NVIDIA GeForce RTX 2060 with Max-Q Design (ID=0x1f12)
    Vendor:   
    VRAM:     5980 MB
    Driver:   30.0.15.1278
Shader 'Custom/Water': fallback shader 'Legacy Shaders/Transparent/Vertexlit' not found
Initialize mono
Mono path[0] = 'C:/Program Files/Unity/Hub/Editor/2020.3.9f1/Editor/Data/Managed'
Mono path[1] = 'C:/Program Files/Unity/Hub/Editor/2020.3.9f1/Editor/Data/MonoBleedingEdge/lib/mono/unityjit'
Mono config path = 'C:/Program Files/Unity/Hub/Editor/2020.3.9f1/Editor/Data/MonoBleedingEdge/etc'
Using monoOptions --debugger-agent=transport=dt_socket,embedding=1,server=y,suspend=n,address=127.0.0.1:56800
Begin MonoManager ReloadAssembly
Registering precompiled unity dll's ...
Trying to register platform support module: C:/Program Files/Unity/Hub/Editor/2020.3.9f1/Editor/Data/PlaybackEngines/MacStandaloneSupport/UnityEditor.OSXStandalone.Extensions.dll (that doesn't exist). Retrying without overrides.
Platform support module is not available: C:/Program Files/Unity/Hub/Editor/2020.3.9f1/Editor/Data/PlaybackEngines/MacStandaloneSupport/UnityEditor.OSXStandalone.Extensions.dll
Register platform support module: C:/Program Files/Unity/Hub/Editor/2020.3.9f1/Editor/Data/PlaybackEngines/WindowsStandaloneSupport/UnityEditor.WindowsStandalone.Extensions.dll
Registered in 0.004161 seconds.
Native extension for WindowsStandalone target not found
Refreshing native plugins compatible for Editor in 23.90 ms, found 0 plugins.
Preloading 0 native plugins for Editor in 0.00 ms.
Mono: successfully reloaded assembly
- Completed reload, in  1.216 seconds
Platform modules already initialized, skipping
Registering precompiled user dll's ...
Registered in 0.001221 seconds.
Begin MonoManager ReloadAssembly
Native extension for WindowsStandalone target not found
Refreshing native plugins compatible for Editor in 0.21 ms, found 0 plugins.
Preloading 0 native plugins for Editor in 0.00 ms.
Mono: successfully reloaded assembly
- Completed reload, in  0.793 seconds
Platform modules already initialized, skipping
========================================================================
Worker process is ready to serve import requests
Shader 'Custom/Water': fallback shader 'Legacy Shaders/Transparent/Vertexlit' not found
Launched and connected shader compiler UnityShaderCompiler.exe after 0.07 seconds
Refreshing native plugins compatible for Editor in 0.31 ms, found 0 plugins.
Preloading 0 native plugins for Editor in 0.00 ms.
Unloading 1134 Unused Serialized files (Serialized files now loaded: 0)
System memory in use before: 78.2 MB.
System memory in use after: 78.1 MB.

Unloading 11 unused Assets to reduce memory usage. Loaded Objects now: 1589.
Total: 1.972600 ms (FindLiveObjects: 0.111500 ms CreateObjectMapping: 0.026100 ms MarkObjects: 1.664000 ms  DeleteObjects: 0.169300 ms)

========================================================================
Received Import Request.
  path: Assets/Materials
  artifactKey: Guid(36f4449130a973e4f9dbe8a7468aa4ee) Importer(815301076,1909f56bfc062723c751e8b465ee728b)
Start importing Assets/Materials using Guid(36f4449130a973e4f9dbe8a7468aa4ee) Importer(815301076,1909f56bfc062723c751e8b465ee728b)  -> (artifact id: '608a00a1bac52a76fa867bb8fc1b865e') in 0.009183 seconds
  Import took 0.011175 seconds .

========================================================================
Received Import Request.
  Time since last request: 1.565970 seconds.
  path: Assets/Materials/Study03
  artifactKey: Guid(f0728aad2e1c68a45b328450bf6136b9) Importer(815301076,1909f56bfc062723c751e8b465ee728b)
Start importing Assets/Materials/Study03 using Guid(f0728aad2e1c68a45b328450bf6136b9) Importer(815301076,1909f56bfc062723c751e8b465ee728b)  -> (artifact id: '7399e261b4801f7eaec6f1a5bf2550d3') in 0.007920 seconds
  Import took 0.009915 seconds .

========================================================================
Received Import Request.
  Time since last request: 3.267270 seconds.
  path: Assets/Resources/4_1.tga
  artifactKey: Guid(a9f1428a3b8afe743839f42cfd140470) Importer(815301076,1909f56bfc062723c751e8b465ee728b)
Start importing Assets/Resources/4_1.tga using Guid(a9f1428a3b8afe743839f42cfd140470) Importer(815301076,1909f56bfc062723c751e8b465ee728b)  -> (artifact id: '3a0b1b257bbba905f3d23893a70dc169') in 0.109954 seconds
  Import took 0.112210 seconds .

========================================================================
Received Import Request.
  Time since last request: 0.000375 seconds.
  path: Assets/Resources/watersky.mat
  artifactKey: Guid(e288dba92d04f614fbe8d142000914ef) Importer(815301076,1909f56bfc062723c751e8b465ee728b)
Start importing Assets/Resources/watersky.mat using Guid(e288dba92d04f614fbe8d142000914ef) Importer(815301076,1909f56bfc062723c751e8b465ee728b)  -> (artifact id: 'ebabee28eed0c561601eef38dc611afd') in 0.110680 seconds
  Import took 0.114525 seconds .

========================================================================
Received Import Request.
  Time since last request: 0.000284 seconds.
  path: Assets/Resources/fireTest.tga
  artifactKey: Guid(f60fbe86a8b471744843604e28487cf3) Importer(815301076,1909f56bfc062723c751e8b465ee728b)
Start importing Assets/Resources/fireTest.tga using Guid(f60fbe86a8b471744843604e28487cf3) Importer(815301076,1909f56bfc062723c751e8b465ee728b)  -> (artifact id: '4f4f5d1e96538f8082251d785e39d5a4') in 0.015138 seconds
  Import took 0.017102 seconds .

========================================================================
Received Import Request.
  Time since last request: 0.000334 seconds.
  path: Assets/Resources/t_en_grass_alpha.psd
  artifactKey: Guid(e1b3755ee8e3f3b47a0d8df32dc2b13d) Importer(815301076,1909f56bfc062723c751e8b465ee728b)
Start importing Assets/Resources/t_en_grass_alpha.psd using Guid(e1b3755ee8e3f3b47a0d8df32dc2b13d) Importer(815301076,1909f56bfc062723c751e8b465ee728b)  -> (artifact id: 'e2c26abf0767f55f7ca01099180d4d4a') in 0.025517 seconds
  Import took 0.027594 seconds .

========================================================================
Received Import Request.
  Time since last request: 0.000368 seconds.
  path: Assets/Resources/4_2.tga
  artifactKey: Guid(4f95389799ca6784ebb8e4adbeae3f17) Importer(815301076,1909f56bfc062723c751e8b465ee728b)
Start importing Assets/Resources/4_2.tga using Guid(4f95389799ca6784ebb8e4adbeae3f17) Importer(815301076,1909f56bfc062723c751e8b465ee728b)  -> (artifact id: 'fd7c48651f6590c8fe0d5fceafeced6c') in 0.015274 seconds
  Import took 0.017480 seconds .

========================================================================
Received Import Request.
  Time since last request: 0.000281 seconds.
  path: Assets/Resources/t_en_grass_alpha.jpg
  artifactKey: Guid(693c2889220e35b4e9dfd5e940a54ec7) Importer(815301076,1909f56bfc062723c751e8b465ee728b)
Start importing Assets/Resources/t_en_grass_alpha.jpg using Guid(693c2889220e35b4e9dfd5e940a54ec7) Importer(815301076,1909f56bfc062723c751e8b465ee728b)  -> (artifact id: '9240bacff16f8e5b17c9c9e4096f7af3') in 0.094972 seconds
  Import took 0.097289 seconds .

========================================================================
Received Import Request.
  Time since last request: 0.000539 seconds.
  path: Assets/Resources/t_en_grass_alpha_.png
  artifactKey: Guid(3672922f5eefc494497a8bb33924e961) Importer(815301076,1909f56bfc062723c751e8b465ee728b)
Start importing Assets/Resources/t_en_grass_alpha_.png using Guid(3672922f5eefc494497a8bb33924e961) Importer(815301076,1909f56bfc062723c751e8b465ee728b)  -> (artifact id: 'f77829dead9990533861ec2fd4678d42') in 0.021930 seconds
  Import took 0.024334 seconds .

========================================================================
Received Import Request.
  Time since last request: 0.000370 seconds.
  path: Assets/Resources/noise2.png
  artifactKey: Guid(ba7fb8d77acf2344fbc2330dbed4cd62) Importer(815301076,1909f56bfc062723c751e8b465ee728b)
Start importing Assets/Resources/noise2.png using Guid(ba7fb8d77acf2344fbc2330dbed4cd62) Importer(815301076,1909f56bfc062723c751e8b465ee728b)  -> (artifact id: '9ae1900eee8d2ccf42aa45e63103ed4c') in 0.015688 seconds
  Import took 0.017775 seconds .

========================================================================
Received Import Request.
  Time since last request: 0.000272 seconds.
  path: Assets/Resources/dot.tga
  artifactKey: Guid(5b941e6b2736c7b47ba63387f93a07b8) Importer(815301076,1909f56bfc062723c751e8b465ee728b)
Start importing Assets/Resources/dot.tga using Guid(5b941e6b2736c7b47ba63387f93a07b8) Importer(815301076,1909f56bfc062723c751e8b465ee728b)  -> (artifact id: 'ac2d808723ec876276caebd389c8c329') in 0.013647 seconds
  Import took 0.015791 seconds .

========================================================================
Received Import Request.
  Time since last request: 0.000312 seconds.
  path: Assets/Resources/t_en_grass_alpha__.png
  artifactKey: Guid(05031632bdcc6c94bac9a467752be0d5) Importer(815301076,1909f56bfc062723c751e8b465ee728b)
Start importing Assets/Resources/t_en_grass_alpha__.png using Guid(05031632bdcc6c94bac9a467752be0d5) Importer(815301076,1909f56bfc062723c751e8b465ee728b)  -> (artifact id: 'e95f66d45fd18b21db1aa51c748067f0') in 0.014639 seconds
  Import took 0.016707 seconds .

========================================================================
Received Import Request.
  Time since last request: 0.000280 seconds.
  path: Assets/Resources/New Terrain.asset
  artifactKey: Guid(c7f2845d6c97ce944a11fab809c8b5ff) Importer(815301076,1909f56bfc062723c751e8b465ee728b)
Start importing Assets/Resources/New Terrain.asset using Guid(c7f2845d6c97ce944a11fab809c8b5ff) Importer(815301076,1909f56bfc062723c751e8b465ee728b)  -> (artifact id: 'a9713483a87821dc9f247a2e6ecf2068') in 0.030864 seconds
  Import took 0.033004 seconds .

========================================================================
Received Import Request.
  Time since last request: 0.000312 seconds.
  path: Assets/Resources/Custom_Water.mat
  artifactKey: Guid(ab92e9c0e68c9374d8156a68b56e57e3) Importer(815301076,1909f56bfc062723c751e8b465ee728b)
Start importing Assets/Resources/Custom_Water.mat using Guid(ab92e9c0e68c9374d8156a68b56e57e3) Importer(815301076,1909f56bfc062723c751e8b465ee728b)  -> (artifact id: '4dab81a76e538d9fbd1f8008e24ea80d') in 0.061588 seconds
  Import took 0.065144 seconds .

========================================================================
Received Import Request.
  Time since last request: 0.000496 seconds.
  path: Assets/Resources/P6_check.jpg
  artifactKey: Guid(9ab2d9442e2de8640910d29f7a3972ce) Importer(815301076,1909f56bfc062723c751e8b465ee728b)
Start importing Assets/Resources/P6_check.jpg using Guid(9ab2d9442e2de8640910d29f7a3972ce) Importer(815301076,1909f56bfc062723c751e8b465ee728b)  -> (artifact id: '4b9bfad773215eb7451375a372c6f61d') in 0.013219 seconds
  Import took 0.015289 seconds .

========================================================================
Received Import Request.
  Time since last request: 3.371309 seconds.
  path: Assets/Resources/Standard Assets
  artifactKey: Guid(211f89ccb86745541af756718f88ca20) Importer(815301076,1909f56bfc062723c751e8b465ee728b)
Start importing Assets/Resources/Standard Assets using Guid(211f89ccb86745541af756718f88ca20) Importer(815301076,1909f56bfc062723c751e8b465ee728b)  -> (artifact id: 'c456d695dedb50f2a13dd5a04dd37481') in 0.008131 seconds
  Import took 0.010515 seconds .

========================================================================
Received Import Request.
  Time since last request: 0.827784 seconds.
  path: Assets/Resources/Standard Assets/Environment
  artifactKey: Guid(79161d44a86b5d74cad6139c88ae20e3) Importer(815301076,1909f56bfc062723c751e8b465ee728b)
Start importing Assets/Resources/Standard Assets/Environment using Guid(79161d44a86b5d74cad6139c88ae20e3) Importer(815301076,1909f56bfc062723c751e8b465ee728b)  -> (artifact id: '311249f2b79bcab09fab74c1aa7080ef') in 0.007074 seconds
  Import took 0.009620 seconds .

========================================================================
Received Import Request.
  Time since last request: 0.526637 seconds.
  path: Assets/Resources/Standard Assets/Environment/TerrainAssets
  artifactKey: Guid(774190ad23e67b649a54e6b703edced5) Importer(815301076,1909f56bfc062723c751e8b465ee728b)
Start importing Assets/Resources/Standard Assets/Environment/TerrainAssets using Guid(774190ad23e67b649a54e6b703edced5) Importer(815301076,1909f56bfc062723c751e8b465ee728b)  -> (artifact id: '777858fae9cfd1b274cc22f30a47b507') in 0.007095 seconds
  Import took 0.009841 seconds .

========================================================================
Received Import Request.
  Time since last request: 0.531240 seconds.
  path: Assets/Resources/Standard Assets/Environment/TerrainAssets/SurfaceTextures
  artifactKey: Guid(54d0b503307147f48970774ce70df79f) Importer(815301076,1909f56bfc062723c751e8b465ee728b)
Start importing Assets/Resources/Standard Assets/Environment/TerrainAssets/SurfaceTextures using Guid(54d0b503307147f48970774ce70df79f) Importer(815301076,1909f56bfc062723c751e8b465ee728b)  -> (artifact id: '07bd145ca2f20fc39c3f31861749ed36') in 0.006795 seconds
  Import took 0.009132 seconds .

========================================================================
Received Import Request.
  Time since last request: 0.112824 seconds.
  path: Assets/Resources/Standard Assets/Environment/TerrainAssets/SurfaceTextures/Grass (Hill).jpg
  artifactKey: Guid(1c021810026b8b3498c9e63497fc78c3) Importer(815301076,1909f56bfc062723c751e8b465ee728b)
Start importing Assets/Resources/Standard Assets/Environment/TerrainAssets/SurfaceTextures/Grass (Hill).jpg using Guid(1c021810026b8b3498c9e63497fc78c3) Importer(815301076,1909f56bfc062723c751e8b465ee728b)  -> (artifact id: 'da32f5478a5258b658104e25a487c61f') in 0.017024 seconds
  Import took 0.019417 seconds .

========================================================================
Received Import Request.
  Time since last request: 0.000371 seconds.
  path: Assets/Resources/Standard Assets/Environment/TerrainAssets/SurfaceTextures/MudRockyAlbedoSpecular.bmp
  artifactKey: Guid(ef5c51cfa2ce46043a41a376b560c525) Importer(815301076,1909f56bfc062723c751e8b465ee728b)
Start importing Assets/Resources/Standard Assets/Environment/TerrainAssets/SurfaceTextures/MudRockyAlbedoSpecular.bmp using Guid(ef5c51cfa2ce46043a41a376b560c525) Importer(815301076,1909f56bfc062723c751e8b465ee728b)  -> (artifact id: '505b0989d5c2dc85d19a6a55df918efc') in 0.020365 seconds
  Import took 0.022499 seconds .

========================================================================
Received Import Request.
  Time since last request: 0.000425 seconds.
  path: Assets/Resources/Standard Assets/Environment/TerrainAssets/SurfaceTextures/WaterBump.jpg
  artifactKey: Guid(2dd3788f8589b40bf82a92d76ffc5091) Importer(815301076,1909f56bfc062723c751e8b465ee728b)
Start importing Assets/Resources/Standard Assets/Environment/TerrainAssets/SurfaceTextures/WaterBump.jpg using Guid(2dd3788f8589b40bf82a92d76ffc5091) Importer(815301076,1909f56bfc062723c751e8b465ee728b)  -> (artifact id: '66de3b26c31e5bff2e13a463fdb8d593') in 0.018742 seconds
  Import took 0.021006 seconds .

========================================================================
Received Import Request.
  Time since last request: 2.289023 seconds.
  path: Assets/Resources/_TerrainAutoUpgrade/layer_Grass (Hill)2023054508611406.terrainlayer
  artifactKey: Guid(420c2bc32123f384497c97a4737b9d8a) Importer(815301076,1909f56bfc062723c751e8b465ee728b)
Start importing Assets/Resources/_TerrainAutoUpgrade/layer_Grass (Hill)2023054508611406.terrainlayer using Guid(420c2bc32123f384497c97a4737b9d8a) Importer(815301076,1909f56bfc062723c751e8b465ee728b)  -> (artifact id: '928e7f8dfa7fe45a4994fe916f1ed60e') in 0.024229 seconds
  Import took 0.027278 seconds .

========================================================================
Received Import Request.
  Time since last request: 0.000345 seconds.
  path: Assets/Resources/_TerrainAutoUpgrade/layer_MudRockyAlbedoSpecularcd2d2d038030d602.terrainlayer
  artifactKey: Guid(ed3b9952e8fce04409383dcd7859b184) Importer(815301076,1909f56bfc062723c751e8b465ee728b)
Start importing Assets/Resources/_TerrainAutoUpgrade/layer_MudRockyAlbedoSpecularcd2d2d038030d602.terrainlayer using Guid(ed3b9952e8fce04409383dcd7859b184) Importer(815301076,1909f56bfc062723c751e8b465ee728b)  -> (artifact id: '0b473b08fd561b98f30004c8bf9ad168') in 0.017505 seconds
  Import took 0.019591 seconds .

========================================================================
Received Import Request.
  Time since last request: 0.003862 seconds.
  path: Assets/Resources/_TerrainAutoUpgrade/layer_MudRockyAlbedoSpecularcd2d2d038030d602.terrainlayer
  artifactKey: Guid(ed3b9952e8fce04409383dcd7859b184) Importer(815301076,1909f56bfc062723c751e8b465ee728b)
Start importing Assets/Resources/_TerrainAutoUpgrade/layer_MudRockyAlbedoSpecularcd2d2d038030d602.terrainlayer using Guid(ed3b9952e8fce04409383dcd7859b184) Importer(815301076,1909f56bfc062723c751e8b465ee728b)  -> (artifact id: '0b473b08fd561b98f30004c8bf9ad168') in 0.013679 seconds
  Import took 0.015797 seconds .

========================================================================
Received Import Request.
  Time since last request: 1.272987 seconds.
  path: Assets/Resources/Skybox/Cubemaps/sunset.hdr
  artifactKey: Guid(656a59a5ff93c46498416d97e5c16b66) Importer(815301076,1909f56bfc062723c751e8b465ee728b)
Start importing Assets/Resources/Skybox/Cubemaps/sunset.hdr using Guid(656a59a5ff93c46498416d97e5c16b66) Importer(815301076,1909f56bfc062723c751e8b465ee728b)  -> (artifact id: 'b83df9565d9388baa57a9014a41d0cf4') in 0.057200 seconds
  Import took 0.061330 seconds .

========================================================================
Received Import Request.
  Time since last request: 2.177550 seconds.
  path: Assets/Resources/waterfinal/LightingData.asset
  artifactKey: Guid(9297677d95acdbd41a5ebbc54c5e0999) Importer(815301076,1909f56bfc062723c751e8b465ee728b)
Start importing Assets/Resources/waterfinal/LightingData.asset using Guid(9297677d95acdbd41a5ebbc54c5e0999) Importer(815301076,1909f56bfc062723c751e8b465ee728b) Lighting data asset ‘LightingData’ is incompatible with the current Unity version. Please use Generate Lighting to rebuild the lighting data.  Realtime Global Illumination cannot be used until the lighting data is rebuilt.

 -> (artifact id: 'b4e3d942c12d3a62b48a5b100a2d4de5') in 0.009562 seconds
  Import took 0.011749 seconds .

========================================================================
Received Import Request.
  Time since last request: 0.000352 seconds.
  path: Assets/Resources/waterfinal/ReflectionProbe-0.exr
  artifactKey: Guid(aa01cd27ea2176640ab1e977727ab37e) Importer(815301076,1909f56bfc062723c751e8b465ee728b)
Start importing Assets/Resources/waterfinal/ReflectionProbe-0.exr using Guid(aa01cd27ea2176640ab1e977727ab37e) Importer(815301076,1909f56bfc062723c751e8b465ee728b)  -> (artifact id: 'f344064d7ca45d7c027f55e92eb71e87') in 0.026056 seconds
  Import took 0.028025 seconds .

========================================================================
Received Import Request.
  Time since last request: 4.493710 seconds.
  path: Assets/Scenes
  artifactKey: Guid(26d28bb16aa7d4a46b5a3b432e522999) Importer(815301076,1909f56bfc062723c751e8b465ee728b)
Start importing Assets/Scenes using Guid(26d28bb16aa7d4a46b5a3b432e522999) Importer(815301076,1909f56bfc062723c751e8b465ee728b)  -> (artifact id: '121fd4b3499600cb115eb9119133ba6b') in 0.007476 seconds
  Import took 0.009519 seconds .

========================================================================
Received Import Request.
  Time since last request: 4.213398 seconds.
  path: Assets/Scenes/Study03
  artifactKey: Guid(5d9ff47e9b44f6f44bc89e41d5f693af) Importer(815301076,1909f56bfc062723c751e8b465ee728b)
Start importing Assets/Scenes/Study03 using Guid(5d9ff47e9b44f6f44bc89e41d5f693af) Importer(815301076,1909f56bfc062723c751e8b465ee728b)  -> (artifact id: '5fd265de704bad408ca25bb24003eea2') in 0.004275 seconds
  Import took 0.006710 seconds .

========================================================================
Received Prepare
Registering precompiled user dll's ...
Registered in 0.001565 seconds.
Begin MonoManager ReloadAssembly
Native extension for WindowsStandalone target not found
Refreshing native plugins compatible for Editor in 0.21 ms, found 0 plugins.
Preloading 0 native plugins for Editor in 0.00 ms.
Mono: successfully reloaded assembly
- Completed reload, in  0.739 seconds
Platform modules already initialized, skipping
Shader 'Custom/Water': fallback shader 'Legacy Shaders/Transparent/Vertexlit' not found
Refreshing native plugins compatible for Editor in 0.21 ms, found 0 plugins.
Preloading 0 native plugins for Editor in 0.00 ms.
Unloading 1122 Unused Serialized files (Serialized files now loaded: 0)
System memory in use before: 81.3 MB.
System memory in use after: 80.8 MB.

Unloading 9 unused Assets to reduce memory usage. Loaded Objects now: 1642.
Total: 2.490200 ms (FindLiveObjects: 0.195200 ms CreateObjectMapping: 0.049700 ms MarkObjects: 1.879400 ms  DeleteObjects: 0.364400 ms)

========================================================================
Received Import Request.
  Time since last request: 456.420673 seconds.
  path: Assets/Scripts
  artifactKey: Guid(23ecc680647d9094fb033d58fd207e7b) Importer(815301076,1909f56bfc062723c751e8b465ee728b)
Start importing Assets/Scripts using Guid(23ecc680647d9094fb033d58fd207e7b) Importer(815301076,1909f56bfc062723c751e8b465ee728b)  -> (artifact id: '0eb0138147ab6fb2e5a55f4369cc24ec') in 0.009291 seconds
  Import took 0.011831 seconds .

========================================================================
Received Import Request.
  Time since last request: 9.928532 seconds.
  path: Assets/Scenes/Study03.unity
  artifactKey: Guid(34bfb0d272fd94548b6b423d0ed54cee) Importer(815301076,1909f56bfc062723c751e8b465ee728b)
Start importing Assets/Scenes/Study03.unity using Guid(34bfb0d272fd94548b6b423d0ed54cee) Importer(815301076,1909f56bfc062723c751e8b465ee728b)  -> (artifact id: '8239f85f124479a6b73d1a7086b76fa8') in 0.015866 seconds
  Import took 0.018269 seconds .

========================================================================
Received Import Request.
  Time since last request: 3.831665 seconds.
  path: Assets/Resources/VertexColor.FBX
  artifactKey: Guid(4c1b79d8676d45c4e9d3bb1f3918bead) Importer(815301076,1909f56bfc062723c751e8b465ee728b)
Start importing Assets/Resources/VertexColor.FBX using Guid(4c1b79d8676d45c4e9d3bb1f3918bead) Importer(815301076,1909f56bfc062723c751e8b465ee728b)  -> (artifact id: 'af15f779650178285e3d0ec350a278e9') in 0.108977 seconds
  Import took 0.110994 seconds .

========================================================================
Received Import Request.
  Time since last request: 102.179503 seconds.
  path: Assets/Resources/New Mesh.mat
  artifactKey: Guid(3cf9c5c9ca6bd094a9eb35807ed3be5d) Importer(815301076,1909f56bfc062723c751e8b465ee728b)
Start importing Assets/Resources/New Mesh.mat using Guid(3cf9c5c9ca6bd094a9eb35807ed3be5d) Importer(815301076,1909f56bfc062723c751e8b465ee728b)  -> (artifact id: '3bd07e25a64aaca8e8f50d8d60cc20ad') in 0.016566 seconds
  Import took 0.018925 seconds .

========================================================================
Received Import Request.
  Time since last request: 0.008142 seconds.
  path: Assets/Resources/New Mesh.mat
  artifactKey: Guid(3cf9c5c9ca6bd094a9eb35807ed3be5d) Importer(815301076,1909f56bfc062723c751e8b465ee728b)
Start importing Assets/Resources/New Mesh.mat using Guid(3cf9c5c9ca6bd094a9eb35807ed3be5d) Importer(815301076,1909f56bfc062723c751e8b465ee728b)  -> (artifact id: '3bd07e25a64aaca8e8f50d8d60cc20ad') in 0.014069 seconds
  Import took 0.016234 seconds .

========================================================================
Received Import Request.
  Time since last request: 65.634707 seconds.
  path: Assets/Materials/Study03/Study03.mat
  artifactKey: Guid(d5bcde1f8b425e6488a4f93fa66582d0) Importer(815301076,1909f56bfc062723c751e8b465ee728b)
Start importing Assets/Materials/Study03/Study03.mat using Guid(d5bcde1f8b425e6488a4f93fa66582d0) Importer(815301076,1909f56bfc062723c751e8b465ee728b)  -> (artifact id: '80ea31ec61d8441708bee7a222eec35d') in 0.026473 seconds
  Import took 0.028870 seconds .

========================================================================
Received Import Request.
  Time since last request: 8.287681 seconds.
  path: Assets/Scripts/Study03
  artifactKey: Guid(f5c2ddd9308cf7246b8dbc1eb57e9d05) Importer(815301076,1909f56bfc062723c751e8b465ee728b)
Start importing Assets/Scripts/Study03 using Guid(f5c2ddd9308cf7246b8dbc1eb57e9d05) Importer(815301076,1909f56bfc062723c751e8b465ee728b)  -> (artifact id: '2f648fafdcee821a877a56c5d017c6b1') in 0.004445 seconds
  Import took 0.007271 seconds .

========================================================================
Received Import Request.
  Time since last request: 10.034051 seconds.
  path: Assets/Scripts/Study03/Study03.shader
  artifactKey: Guid(27294032cac00714da26d1c6433d59e9) Importer(815301076,1909f56bfc062723c751e8b465ee728b)
Start importing Assets/Scripts/Study03/Study03.shader using Guid(27294032cac00714da26d1c6433d59e9) Importer(815301076,1909f56bfc062723c751e8b465ee728b)  -> (artifact id: '3df8d35be869099e76b4bf15db0fd140') in 0.019825 seconds
  Import took 0.022102 seconds .

========================================================================
Received Import Request.
  Time since last request: 1.538943 seconds.
  path: Assets/Scripts/Study03/Study03.shader
  artifactKey: Guid(27294032cac00714da26d1c6433d59e9) Importer(815301076,1909f56bfc062723c751e8b465ee728b)
Start importing Assets/Scripts/Study03/Study03.shader using Guid(27294032cac00714da26d1c6433d59e9) Importer(815301076,1909f56bfc062723c751e8b465ee728b)  -> (artifact id: '3df8d35be869099e76b4bf15db0fd140') in 0.007219 seconds
  Import took 0.009471 seconds .

========================================================================
Received Import Request.
  Time since last request: 203.292523 seconds.
  path: Assets/Materials/Study03/Study03.mat
  artifactKey: Guid(d5bcde1f8b425e6488a4f93fa66582d0) Importer(815301076,1909f56bfc062723c751e8b465ee728b)
Start importing Assets/Materials/Study03/Study03.mat using Guid(d5bcde1f8b425e6488a4f93fa66582d0) Importer(815301076,1909f56bfc062723c751e8b465ee728b)  -> (artifact id: 'dfd0800f4cee94fd1f19315d3443cb5e') in 0.028859 seconds
  Import took 0.032463 seconds .

========================================================================
Received Import Request.
  Time since last request: 694.705248 seconds.
  path: Assets/Scripts/Study03/Study03.shader
  artifactKey: Guid(27294032cac00714da26d1c6433d59e9) Importer(815301076,1909f56bfc062723c751e8b465ee728b)
Start importing Assets/Scripts/Study03/Study03.shader using Guid(27294032cac00714da26d1c6433d59e9) Importer(815301076,1909f56bfc062723c751e8b465ee728b)  -> (artifact id: '00a28b83bce581bd544b27a351009242') in 0.007906 seconds
  Import took 0.010288 seconds .

========================================================================
Received Import Request.
  Time since last request: 0.782735 seconds.
  path: Assets/Scripts/Study03/Study03 1.shader
  artifactKey: Guid(21664f272095c6d46b7ddfd77290f9f2) Importer(815301076,1909f56bfc062723c751e8b465ee728b)
Start importing Assets/Scripts/Study03/Study03 1.shader using Guid(21664f272095c6d46b7ddfd77290f9f2) Importer(815301076,1909f56bfc062723c751e8b465ee728b)  -> (artifact id: 'a592a00a550cf777784d7778a7c682a1') in 0.009925 seconds
  Import took 0.012453 seconds .

========================================================================
Received Import Request.
  Time since last request: 6.607344 seconds.
  path: Assets/Scripts/Study03/Study03 1.shader
  artifactKey: Guid(21664f272095c6d46b7ddfd77290f9f2) Importer(815301076,1909f56bfc062723c751e8b465ee728b)
Start importing Assets/Scripts/Study03/Study03 1.shader using Guid(21664f272095c6d46b7ddfd77290f9f2) Importer(815301076,1909f56bfc062723c751e8b465ee728b)  -> (artifact id: '2c7dce41be50e9a419293270ec013d67') in 0.008148 seconds
  Import took 0.010818 seconds .

========================================================================
Received Import Request.
  Time since last request: 44.395973 seconds.
  path: Assets/Scripts/Study03/Study03 1.shader
  artifactKey: Guid(21664f272095c6d46b7ddfd77290f9f2) Importer(815301076,1909f56bfc062723c751e8b465ee728b)
Start importing Assets/Scripts/Study03/Study03 1.shader using Guid(21664f272095c6d46b7ddfd77290f9f2) Importer(815301076,1909f56bfc062723c751e8b465ee728b)  -> (artifact id: 'f4886f9ac01468af35bd64a21c7f6887') in 0.006697 seconds
  Import took 0.009494 seconds .

========================================================================
Received Import Request.
  Time since last request: 0.850047 seconds.
  path: Assets/Scripts/Study03/Study03 2.shader
  artifactKey: Guid(92892b82471b9a24594625d4ff1905f4) Importer(815301076,1909f56bfc062723c751e8b465ee728b)
Start importing Assets/Scripts/Study03/Study03 2.shader using Guid(92892b82471b9a24594625d4ff1905f4) Importer(815301076,1909f56bfc062723c751e8b465ee728b)  -> (artifact id: 'e87654e7e962c05a21c10854aa545962') in 0.012018 seconds
  Import took 0.014767 seconds .

========================================================================
Received Import Request.
  Time since last request: 13.620210 seconds.
  path: Assets/Scripts/Study03/Study03 2.shader
  artifactKey: Guid(92892b82471b9a24594625d4ff1905f4) Importer(815301076,1909f56bfc062723c751e8b465ee728b)
Start importing Assets/Scripts/Study03/Study03 2.shader using Guid(92892b82471b9a24594625d4ff1905f4) Importer(815301076,1909f56bfc062723c751e8b465ee728b)  -> (artifact id: '101ad4fdd3a81a1b00947dc3475f5fc2') in 0.006974 seconds
  Import took 0.009341 seconds .

========================================================================
Received Import Request.
  Time since last request: 2.667301 seconds.
  path: Assets/Materials/Study03/Study03 1.mat
  artifactKey: Guid(0764fc71cc787674c9280f8500a14c63) Importer(815301076,1909f56bfc062723c751e8b465ee728b)
Start importing Assets/Materials/Study03/Study03 1.mat using Guid(0764fc71cc787674c9280f8500a14c63) Importer(815301076,1909f56bfc062723c751e8b465ee728b)  -> (artifact id: '682973e9869999e62bc99bdde3bc7c8d') in 0.023635 seconds
  Import took 0.026876 seconds .

========================================================================
Received Import Request.
  Time since last request: 16.935167 seconds.
  path: Assets/Materials/Study03/Study03 2.mat
  artifactKey: Guid(548ea99b2e4d131429b7310b90156eac) Importer(815301076,1909f56bfc062723c751e8b465ee728b)
Start importing Assets/Materials/Study03/Study03 2.mat using Guid(548ea99b2e4d131429b7310b90156eac) Importer(815301076,1909f56bfc062723c751e8b465ee728b)  -> (artifact id: 'e392c504dd2e45187ed0a1f12497c873') in 0.023677 seconds
  Import took 0.026438 seconds .

========================================================================
Received Import Request.
  Time since last request: 56.934312 seconds.
  path: Assets/Scripts/Study03/Study03 3.shader
  artifactKey: Guid(a0605e6b6da01f34481f4e4928a231ba) Importer(815301076,1909f56bfc062723c751e8b465ee728b)
Start importing Assets/Scripts/Study03/Study03 3.shader using Guid(a0605e6b6da01f34481f4e4928a231ba) Importer(815301076,1909f56bfc062723c751e8b465ee728b)  -> (artifact id: '9fb9291208304a430b986c1e52bdb6c9') in 0.011286 seconds
  Import took 0.014046 seconds .

========================================================================
Received Import Request.
  Time since last request: 172.822292 seconds.
  path: Assets/Scripts/Study03/Study03 3.shader
  artifactKey: Guid(a0605e6b6da01f34481f4e4928a231ba) Importer(815301076,1909f56bfc062723c751e8b465ee728b)
Start importing Assets/Scripts/Study03/Study03 3.shader using Guid(a0605e6b6da01f34481f4e4928a231ba) Importer(815301076,1909f56bfc062723c751e8b465ee728b)  -> (artifact id: '3c18c110f92863a99ea3de22668b71ca') in 0.007680 seconds
  Import took 0.010185 seconds .

========================================================================
Received Import Request.
  Time since last request: 5.376471 seconds.
  path: Assets/Materials/Study03/Study03 3.mat
  artifactKey: Guid(8d1cfbb597ea1e7498c962927e9ca7c5) Importer(815301076,1909f56bfc062723c751e8b465ee728b)
Start importing Assets/Materials/Study03/Study03 3.mat using Guid(8d1cfbb597ea1e7498c962927e9ca7c5) Importer(815301076,1909f56bfc062723c751e8b465ee728b)  -> (artifact id: '4efcf7a94f0e7d7cbec6ee691c3163e4') in 0.017802 seconds
  Import took 0.020125 seconds .

========================================================================
Received Import Request.
  Time since last request: 243.410172 seconds.
  path: Assets/Materials/Study03/Study03 3.mat
  artifactKey: Guid(8d1cfbb597ea1e7498c962927e9ca7c5) Importer(815301076,1909f56bfc062723c751e8b465ee728b)
Start importing Assets/Materials/Study03/Study03 3.mat using Guid(8d1cfbb597ea1e7498c962927e9ca7c5) Importer(815301076,1909f56bfc062723c751e8b465ee728b)  -> (artifact id: '489b608c6def0f07686c6608f89706e9') in 0.029060 seconds
  Import took 0.031345 seconds .

========================================================================
Received Import Request.
  Time since last request: 142.384658 seconds.
  path: Assets/Materials/Study03/Study03_normal.mat
  artifactKey: Guid(4f803cda0f248aa40aec4ea13fd69008) Importer(815301076,1909f56bfc062723c751e8b465ee728b)
Start importing Assets/Materials/Study03/Study03_normal.mat using Guid(4f803cda0f248aa40aec4ea13fd69008) Importer(815301076,1909f56bfc062723c751e8b465ee728b)  -> (artifact id: 'f441b10a3c257bbec292598e98184a07') in 0.021339 seconds
  Import took 0.024109 seconds .

========================================================================
Received Import Request.
  Time since last request: 16.351449 seconds.
  path: Assets/Scripts/Study03/Study03_normal.shader
  artifactKey: Guid(520b03d81d1571a48a579381801e0768) Importer(815301076,1909f56bfc062723c751e8b465ee728b)
Start importing Assets/Scripts/Study03/Study03_normal.shader using Guid(520b03d81d1571a48a579381801e0768) Importer(815301076,1909f56bfc062723c751e8b465ee728b)  -> (artifact id: '5ef81d14fb39e28ca532939f0ccaf5b1') in 0.007368 seconds
  Import took 0.010226 seconds .

========================================================================
Received Import Request.
  Time since last request: 136.248371 seconds.
  path: Assets/Scripts/Study03/Study03_normal.shader
  artifactKey: Guid(520b03d81d1571a48a579381801e0768) Importer(815301076,1909f56bfc062723c751e8b465ee728b)
Start importing Assets/Scripts/Study03/Study03_normal.shader using Guid(520b03d81d1571a48a579381801e0768) Importer(815301076,1909f56bfc062723c751e8b465ee728b)  -> (artifact id: '81b44cc7fea0a547d454b343706d5412') in 0.008025 seconds
  Import took 0.010578 seconds .

========================================================================
Received Import Request.
  Time since last request: 3.676485 seconds.
  path: Assets/Materials/Study03/Study03_normal.mat
  artifactKey: Guid(4f803cda0f248aa40aec4ea13fd69008) Importer(815301076,1909f56bfc062723c751e8b465ee728b)
Start importing Assets/Materials/Study03/Study03_normal.mat using Guid(4f803cda0f248aa40aec4ea13fd69008) Importer(815301076,1909f56bfc062723c751e8b465ee728b)  -> (artifact id: 'bcc23e05c3bcfc2fa485ca7430728a0d') in 0.026929 seconds
  Import took 0.029157 seconds .

========================================================================
Received Import Request.
  Time since last request: 0.004233 seconds.
  path: Assets/Materials/Study03/Study03_normal.mat
  artifactKey: Guid(4f803cda0f248aa40aec4ea13fd69008) Importer(815301076,1909f56bfc062723c751e8b465ee728b)
Start importing Assets/Materials/Study03/Study03_normal.mat using Guid(4f803cda0f248aa40aec4ea13fd69008) Importer(815301076,1909f56bfc062723c751e8b465ee728b)  -> (artifact id: 'bcc23e05c3bcfc2fa485ca7430728a0d') in 0.017497 seconds
  Import took 0.019911 seconds .

========================================================================
Received Import Request.
  Time since last request: 210.030880 seconds.
  path: Assets/Materials/Study03/Study03_normal.mat
  artifactKey: Guid(4f803cda0f248aa40aec4ea13fd69008) Importer(815301076,1909f56bfc062723c751e8b465ee728b)
Start importing Assets/Materials/Study03/Study03_normal.mat using Guid(4f803cda0f248aa40aec4ea13fd69008) Importer(815301076,1909f56bfc062723c751e8b465ee728b)  -> (artifact id: 'ed1ef852c5609a6ff41139cfd7517de5') in 0.020155 seconds
  Import took 0.022821 seconds .

========================================================================
Received Import Request.
  Time since last request: 758.558116 seconds.
  path: Assets/Materials/Study03/Study03_normal.mat
  artifactKey: Guid(4f803cda0f248aa40aec4ea13fd69008) Importer(815301076,1909f56bfc062723c751e8b465ee728b)
Start importing Assets/Materials/Study03/Study03_normal.mat using Guid(4f803cda0f248aa40aec4ea13fd69008) Importer(815301076,1909f56bfc062723c751e8b465ee728b)  -> (artifact id: 'a4bb8ec4848323db398472d5658fec4a') in 0.031597 seconds
  Import took 0.034033 seconds .

========================================================================
Received Import Request.
  Time since last request: 715.142653 seconds.
  path: Assets/Materials/Study03/Study03_normalOC.mat
  artifactKey: Guid(2b58f55ee718ff04f806eaba080330ea) Importer(815301076,1909f56bfc062723c751e8b465ee728b)
Start importing Assets/Materials/Study03/Study03_normalOC.mat using Guid(2b58f55ee718ff04f806eaba080330ea) Importer(815301076,1909f56bfc062723c751e8b465ee728b)  -> (artifact id: 'bbdd42e52ec7e8fdaa290924a225fc09') in 0.024846 seconds
  Import took 0.027461 seconds .

========================================================================
Received Import Request.
  Time since last request: 5.035173 seconds.
  path: Assets/Scripts/Study03/Study03_normal.shader
  artifactKey: Guid(520b03d81d1571a48a579381801e0768) Importer(815301076,1909f56bfc062723c751e8b465ee728b)
Start importing Assets/Scripts/Study03/Study03_normal.shader using Guid(520b03d81d1571a48a579381801e0768) Importer(815301076,1909f56bfc062723c751e8b465ee728b)  -> (artifact id: 'a81de1eb79cb5e1833ea6be69bc1af6b') in 0.007009 seconds
  Import took 0.009724 seconds .

========================================================================
Received Import Request.
  Time since last request: 1.071611 seconds.
  path: Assets/Scripts/Study03/Study03_normal 1.shader
  artifactKey: Guid(c7dc24fdc5a108a41a6c4991f2ce2b08) Importer(815301076,1909f56bfc062723c751e8b465ee728b)
Start importing Assets/Scripts/Study03/Study03_normal 1.shader using Guid(c7dc24fdc5a108a41a6c4991f2ce2b08) Importer(815301076,1909f56bfc062723c751e8b465ee728b)  -> (artifact id: 'ddc4d8d2fa80e5e8d0db2a89391c6813') in 0.009841 seconds
  Import took 0.012867 seconds .

========================================================================
Received Import Request.
  Time since last request: 5.113244 seconds.
  path: Assets/Scripts/Study03/Study03_normalOC.shader
  artifactKey: Guid(c7dc24fdc5a108a41a6c4991f2ce2b08) Importer(815301076,1909f56bfc062723c751e8b465ee728b)
Start importing Assets/Scripts/Study03/Study03_normalOC.shader using Guid(c7dc24fdc5a108a41a6c4991f2ce2b08) Importer(815301076,1909f56bfc062723c751e8b465ee728b)  -> (artifact id: 'ffd0366ba70ca0ff113381fcf7f1f3a1') in 0.007127 seconds
  Import took 0.009704 seconds .

========================================================================
Received Import Request.
  Time since last request: 54.522065 seconds.
  path: Assets/Materials/Study03/Study03_normalOC.mat
  artifactKey: Guid(2b58f55ee718ff04f806eaba080330ea) Importer(815301076,1909f56bfc062723c751e8b465ee728b)
Start importing Assets/Materials/Study03/Study03_normalOC.mat using Guid(2b58f55ee718ff04f806eaba080330ea) Importer(815301076,1909f56bfc062723c751e8b465ee728b)  -> (artifact id: '4252f5d1901a44341370b3d83c5ea933') in 0.020320 seconds
  Import took 0.023840 seconds .

========================================================================
Received Import Request.
  Time since last request: 113.298632 seconds.
  path: Assets/Materials/Study03/Study03_normalOC.mat
  artifactKey: Guid(2b58f55ee718ff04f806eaba080330ea) Importer(815301076,1909f56bfc062723c751e8b465ee728b)
Start importing Assets/Materials/Study03/Study03_normalOC.mat using Guid(2b58f55ee718ff04f806eaba080330ea) Importer(815301076,1909f56bfc062723c751e8b465ee728b)  -> (artifact id: 'a9a766d9718c84ef85a7c4a43428aca1') in 0.019401 seconds
  Import took 0.022400 seconds .

========================================================================
Received Import Request.
  Time since last request: 2612.136408 seconds.
  path: Assets/Scripts/Study03/Study03 3.shader
  artifactKey: Guid(a0605e6b6da01f34481f4e4928a231ba) Importer(815301076,1909f56bfc062723c751e8b465ee728b)
Start importing Assets/Scripts/Study03/Study03 3.shader using Guid(a0605e6b6da01f34481f4e4928a231ba) Importer(815301076,1909f56bfc062723c751e8b465ee728b)  -> (artifact id: 'b6cea71c2fe9a04a1154f1633f41c23b') in 0.010012 seconds
  Import took 0.012955 seconds .

========================================================================
Received Import Request.
  Time since last request: 1.122529 seconds.
  path: Assets/Scripts/Study03/Study03 4.shader
  artifactKey: Guid(45f3fbb6e6e8f3e408f6805e6702fd38) Importer(815301076,1909f56bfc062723c751e8b465ee728b)
Start importing Assets/Scripts/Study03/Study03 4.shader using Guid(45f3fbb6e6e8f3e408f6805e6702fd38) Importer(815301076,1909f56bfc062723c751e8b465ee728b)  -> (artifact id: '643490b0d3bcc077dd4d6cfff9eee6a0') in 0.010534 seconds
  Import took 0.013281 seconds .

========================================================================
Received Import Request.
  Time since last request: 134.380890 seconds.
  path: Assets/Scripts/Study03/Study03 4.shader
  artifactKey: Guid(45f3fbb6e6e8f3e408f6805e6702fd38) Importer(815301076,1909f56bfc062723c751e8b465ee728b)
Start importing Assets/Scripts/Study03/Study03 4.shader using Guid(45f3fbb6e6e8f3e408f6805e6702fd38) Importer(815301076,1909f56bfc062723c751e8b465ee728b)  -> (artifact id: 'a84264373cab0121292a7971524bff5b') in 0.005815 seconds
  Import took 0.008345 seconds .

========================================================================
Received Import Request.
  Time since last request: 81.950086 seconds.
  path: Assets/Scripts/Study03/Study03 4.shader
  artifactKey: Guid(45f3fbb6e6e8f3e408f6805e6702fd38) Importer(815301076,1909f56bfc062723c751e8b465ee728b)
Start importing Assets/Scripts/Study03/Study03 4.shader using Guid(45f3fbb6e6e8f3e408f6805e6702fd38) Importer(815301076,1909f56bfc062723c751e8b465ee728b)  -> (artifact id: '2c3f439a9ef0c4529070b5b308b58982') in 0.006423 seconds
  Import took 0.008976 seconds .

========================================================================
Received Import Request.
  Time since last request: 2.712111 seconds.
  path: Assets/Materials/Study03/Study03 4.mat
  artifactKey: Guid(54c9b3e5fc194944f8d71d9859bca2b7) Importer(815301076,1909f56bfc062723c751e8b465ee728b)
Start importing Assets/Materials/Study03/Study03 4.mat using Guid(54c9b3e5fc194944f8d71d9859bca2b7) Importer(815301076,1909f56bfc062723c751e8b465ee728b)  -> (artifact id: 'fe30cf420f69177c0d5fe483444d377e') in 0.197194 seconds
  Import took 0.200259 seconds .

========================================================================
Received Import Request.
  Time since last request: 0.004775 seconds.
  path: Assets/Materials/Study03/Study03 4.mat
  artifactKey: Guid(54c9b3e5fc194944f8d71d9859bca2b7) Importer(815301076,1909f56bfc062723c751e8b465ee728b)
Start importing Assets/Materials/Study03/Study03 4.mat using Guid(54c9b3e5fc194944f8d71d9859bca2b7) Importer(815301076,1909f56bfc062723c751e8b465ee728b)  -> (artifact id: 'fe30cf420f69177c0d5fe483444d377e') in 0.022584 seconds
  Import took 0.025433 seconds .

========================================================================
Received Import Request.
  Time since last request: 8.733095 seconds.
  path: Assets/Materials/Study03/Study03 3.mat
  artifactKey: Guid(8d1cfbb597ea1e7498c962927e9ca7c5) Importer(815301076,1909f56bfc062723c751e8b465ee728b)
Start importing Assets/Materials/Study03/Study03 3.mat using Guid(8d1cfbb597ea1e7498c962927e9ca7c5) Importer(815301076,1909f56bfc062723c751e8b465ee728b)  -> (artifact id: '3447fbcef8d35854b1a3f360425b8b39') in 0.020531 seconds
  Import took 0.023720 seconds .

========================================================================
Received Import Request.
  Time since last request: 178.320240 seconds.
  path: Assets/Resources/BumpMapColourMapStoneWallExample.jpg
  artifactKey: Guid(341c786c5be8ed949ac9c6588631a5e3) Importer(815301076,1909f56bfc062723c751e8b465ee728b)
Start importing Assets/Resources/BumpMapColourMapStoneWallExample.jpg using Guid(341c786c5be8ed949ac9c6588631a5e3) Importer(815301076,1909f56bfc062723c751e8b465ee728b)  -> (artifact id: '231bee460f0b378dcedca8ea7f8dbee2') in 0.030816 seconds
  Import took 0.033113 seconds .

========================================================================
Received Import Request.
  Time since last request: 0.000317 seconds.
  path: Assets/Resources/BumpMapColourMapStoneWallExampleOC.png
  artifactKey: Guid(b6d257d43782ade4b8eaf80b122bd027) Importer(815301076,1909f56bfc062723c751e8b465ee728b)
Start importing Assets/Resources/BumpMapColourMapStoneWallExampleOC.png using Guid(b6d257d43782ade4b8eaf80b122bd027) Importer(815301076,1909f56bfc062723c751e8b465ee728b)  -> (artifact id: 'f40157a37a5ed92e6b0fee5f6f562fb2') in 0.016116 seconds
  Import took 0.018374 seconds .

========================================================================
Received Import Request.
  Time since last request: 0.000313 seconds.
  path: Assets/Resources/BumpMapColourMapStoneWallExample.jpg
  artifactKey: Guid(341c786c5be8ed949ac9c6588631a5e3) Importer(815301076,1909f56bfc062723c751e8b465ee728b)
Start importing Assets/Resources/BumpMapColourMapStoneWallExample.jpg using Guid(341c786c5be8ed949ac9c6588631a5e3) Importer(815301076,1909f56bfc062723c751e8b465ee728b)  -> (artifact id: '231bee460f0b378dcedca8ea7f8dbee2') in 0.013133 seconds
  Import took 0.015588 seconds .

========================================================================
Received Import Request.
  Time since last request: 0.000396 seconds.
  path: Assets/Resources/BumpMapColourMapStoneWallExample (1).jpg
  artifactKey: Guid(85313a2ba5ba8384986863eb6977db58) Importer(815301076,1909f56bfc062723c751e8b465ee728b)
Start importing Assets/Resources/BumpMapColourMapStoneWallExample (1).jpg using Guid(85313a2ba5ba8384986863eb6977db58) Importer(815301076,1909f56bfc062723c751e8b465ee728b)  -> (artifact id: 'a1d6d39cfe107e7e4722bb278f8a037f') in 0.015441 seconds
  Import took 0.017571 seconds .

========================================================================
Received Import Request.
  Time since last request: 38.328187 seconds.
  path: Assets/Materials/Study03/Study03 4.mat
  artifactKey: Guid(54c9b3e5fc194944f8d71d9859bca2b7) Importer(815301076,1909f56bfc062723c751e8b465ee728b)
Start importing Assets/Materials/Study03/Study03 4.mat using Guid(54c9b3e5fc194944f8d71d9859bca2b7) Importer(815301076,1909f56bfc062723c751e8b465ee728b)  -> (artifact id: '08b019e7d1db542dbce3c82cd04669cf') in 0.033630 seconds
  Import took 0.036409 seconds .

========================================================================
Received Import Request.
  Time since last request: 103.103323 seconds.
  path: Assets/Resources/water-pool-texture-seamless-and-free-thumb36.jpg
  artifactKey: Guid(f26997f660692194fa653697c72a73ba) Importer(815301076,1909f56bfc062723c751e8b465ee728b)
Start importing Assets/Resources/water-pool-texture-seamless-and-free-thumb36.jpg using Guid(f26997f660692194fa653697c72a73ba) Importer(815301076,1909f56bfc062723c751e8b465ee728b)  -> (artifact id: 'b403e88737199d731968572f5bb3bd3f') in 0.026948 seconds
  Import took 0.028903 seconds .

========================================================================
Received Import Request.
  Time since last request: 10.820999 seconds.
  path: Assets/Resources/water-pool-texture-seamless-and-free-thumb36.jpg
  artifactKey: Guid(f26997f660692194fa653697c72a73ba) Importer(815301076,1909f56bfc062723c751e8b465ee728b)
Start importing Assets/Resources/water-pool-texture-seamless-and-free-thumb36.jpg using Guid(f26997f660692194fa653697c72a73ba) Importer(815301076,1909f56bfc062723c751e8b465ee728b)  -> (artifact id: '6e90bf3f4a6d33bec609ef1fddeba170') in 0.013854 seconds
  Import took 0.016102 seconds .

========================================================================
Received Import Request.
  Time since last request: 0.005068 seconds.
  path: Assets/Resources/water-pool-texture-seamless-and-free-thumb36.jpg
  artifactKey: Guid(f26997f660692194fa653697c72a73ba) Importer(815301076,1909f56bfc062723c751e8b465ee728b)
Start importing Assets/Resources/water-pool-texture-seamless-and-free-thumb36.jpg using Guid(f26997f660692194fa653697c72a73ba) Importer(815301076,1909f56bfc062723c751e8b465ee728b)  -> (artifact id: '6e90bf3f4a6d33bec609ef1fddeba170') in 0.017608 seconds
  Import took 0.020171 seconds .

AssetImportWorkerClient::OnTransportError - code=2 error=End of file
